==================== 2026-01-17T22:16:20.461284Z | b82e486c-18ec-4f78-8bbe-267542808b0b ====================
22:16:20.463764 [info ]: Starting dbt LSP server
22:16:20.464195 [info ]: Connecting to LSP client on port 8000
22:16:20.464924 [info ]: Successfully connected to LSP client
22:16:20.464952 [info ]: Creating LSP service...
22:16:17.022731 [info ]: Creating LSP server...
22:16:17.022774 [info ]: Starting LSP server...
22:16:17.143849 [info ]: Started loading project
22:16:17.159664 [info ]: Loading profiles.yml
22:16:20.766002 [info ]: Started parsing
22:16:20.814884 [info ]: Finished loading project [  3.67s]
22:16:20.841580 [info ]: Finished parsing [  0.08s]
22:16:20.844058 [info ]: Cached model count updated: 1 models (estimate)
22:16:20.844106 [info ]: Cached model count updated: 1 models (accurate)
22:16:20.846158 [info ]: Started scheduling
22:16:20.849889 [info ]: Finished scheduling [  0.00s]
22:16:21.201291 [info ]: Started building task graph
22:16:21.210392 [info ]: Finished building task graph [  0.01s]
22:16:21.215348 [info ]: Started rendering (1 nodes)
22:16:21.215974 [info ]: Started model saleslt_gold.sum_sales
22:16:21.216352 [debug]: Started rendering model saleslt_gold.sum_sales
22:16:21.225503 [debug]: Finished rendering [  0.01s] model saleslt_gold.sum_sales [success]
22:16:21.225558 [info ]: Finished rendering [  0.01s] (1 nodes, 0 skipped, 0 errors)
22:16:21.225901 [info ]: Started analyzing (1 nodes)
22:16:21.225928 [debug]: Started analyzing model saleslt_gold.sum_sales
22:16:21.251219 [info ]:     Failed [  0.03s] model saleslt_gold.sum_sales (view)
22:16:21.251292 [debug]: Finished analyzing [  0.03s] model saleslt_gold.sum_sales [error]
22:16:21.251304 [info ]: Finished analyzing [  0.03s] (1 nodes, 0 skipped, 1 errors)
22:16:21.252844 [error]: dbt0101: no viable alternative at input 'WITH CUSTOMERSORDERS AS (
    SELECT
        C.CUSTOMERID,
        C.FIRSTNAME,
        C.LASTNAME,
        C.COMAPNYNAME,
)'
  --> models/stage/sum_sales.sql:7:2 (target/compiled/models/stage/sum_sales.sql:7:2)
22:16:21.264158 [info ]: Cached model count updated: 1 models (accurate)
22:16:21.316701 [info ]: Loading profiles.yml
22:35:20.590194 [info ]: Started loading project
22:35:20.590825 [info ]: Loading profiles.yml
22:35:20.592353 [info ]: Finished loading project [  0.00s]
22:38:20.991038 [info ]: Loading profiles.yml
22:38:28.448412 [info ]: Started loading project
22:38:28.448678 [info ]: Loading profiles.yml
22:38:28.448993 [info ]: Finished loading project [  0.00s]
22:39:07.021593 [info ]: Loading profiles.yml
22:39:40.249171 [info ]: Loading profiles.yml
22:39:48.545834 [info ]: Loading profiles.yml
22:41:55.204808 [info ]: Loading profiles.yml
22:42:15.828718 [info ]: Loading profiles.yml
22:42:21.410228 [info ]: Loading profiles.yml
22:43:40.115040 [info ]: Loading profiles.yml
22:43:43.099549 [info ]: Loading profiles.yml
22:43:46.059440 [info ]: Loading profiles.yml
22:43:49.149550 [info ]: Started loading project
22:43:49.149756 [info ]: Loading profiles.yml
22:43:49.150026 [info ]: Finished loading project [  0.00s]
22:43:58.353497 [info ]: Loading profiles.yml
==================== 2026-01-18T13:06:49.710671Z | 6d47a851-666b-4535-a750-31f5df3407e3 ====================
13:06:49.712283 [info ]: Starting dbt LSP server
13:06:49.712704 [info ]: Connecting to LSP client on port 8000
13:06:49.713334 [info ]: Successfully connected to LSP client
13:06:49.713352 [info ]: Creating LSP service...
13:06:49.788835 [info ]: Creating LSP server...
13:06:49.788869 [info ]: Starting LSP server...
13:06:49.833488 [info ]: Started loading project
13:06:49.849243 [info ]: Loading profiles.yml
13:06:49.861526 [info ]: Finished loading project [  0.03s]
13:06:56.586255 [info ]: Loading profiles.yml
13:07:23.756847 [info ]: Loading profiles.yml
13:07:37.809788 [info ]: Loading profiles.yml
13:08:05.047127 [info ]: Loading profiles.yml
13:08:29.450867 [info ]: Loading profiles.yml
13:09:30.175608 [info ]: Loading profiles.yml
13:10:36.713687 [info ]: Loading profiles.yml
13:17:40.214148 [info ]: Loading profiles.yml

==================== 2026-01-17T22:16:20.461284Z | b82e486c-18ec-4f78-8bbe-267542808b0b ====================
22:16:20.463764 [info ]: Starting dbt LSP server
22:16:20.464195 [info ]: Connecting to LSP client on port 8000
22:16:20.464924 [info ]: Successfully connected to LSP client
22:16:20.464952 [info ]: Creating LSP service...
22:16:17.022731 [info ]: Creating LSP server...
22:16:17.022774 [info ]: Starting LSP server...
22:16:17.143849 [info ]: Started loading project
22:16:17.159664 [info ]: Loading profiles.yml
22:16:20.766002 [info ]: Started parsing
22:16:20.814884 [info ]: Finished loading project [  3.67s]
22:16:20.841580 [info ]: Finished parsing [  0.08s]
22:16:20.844058 [info ]: Cached model count updated: 1 models (estimate)
22:16:20.844106 [info ]: Cached model count updated: 1 models (accurate)
22:16:20.846158 [info ]: Started scheduling
22:16:20.849889 [info ]: Finished scheduling [  0.00s]
22:16:21.201291 [info ]: Started building task graph
22:16:21.210392 [info ]: Finished building task graph [  0.01s]
22:16:21.215348 [info ]: Started rendering (1 nodes)
22:16:21.215974 [info ]: Started model saleslt_gold.sum_sales
22:16:21.216352 [debug]: Started rendering model saleslt_gold.sum_sales
22:16:21.225503 [debug]: Finished rendering [  0.01s] model saleslt_gold.sum_sales [success]
22:16:21.225558 [info ]: Finished rendering [  0.01s] (1 nodes, 0 skipped, 0 errors)
22:16:21.225901 [info ]: Started analyzing (1 nodes)
22:16:21.225928 [debug]: Started analyzing model saleslt_gold.sum_sales
22:16:21.251219 [info ]:     Failed [  0.03s] model saleslt_gold.sum_sales (view)
22:16:21.251292 [debug]: Finished analyzing [  0.03s] model saleslt_gold.sum_sales [error]
22:16:21.251304 [info ]: Finished analyzing [  0.03s] (1 nodes, 0 skipped, 1 errors)
22:16:21.252844 [error]: dbt0101: no viable alternative at input 'WITH CUSTOMERSORDERS AS (
    SELECT
        C.CUSTOMERID,
        C.FIRSTNAME,
        C.LASTNAME,
        C.COMAPNYNAME,
)'
  --> models/stage/sum_sales.sql:7:2 (target/compiled/models/stage/sum_sales.sql:7:2)
22:16:21.264158 [info ]: Cached model count updated: 1 models (accurate)
22:16:21.316701 [info ]: Loading profiles.yml
22:35:20.590194 [info ]: Started loading project
22:35:20.590825 [info ]: Loading profiles.yml
22:35:20.592353 [info ]: Finished loading project [  0.00s]
22:38:20.991038 [info ]: Loading profiles.yml
22:38:28.448412 [info ]: Started loading project
22:38:28.448678 [info ]: Loading profiles.yml
22:38:28.448993 [info ]: Finished loading project [  0.00s]
22:39:07.021593 [info ]: Loading profiles.yml
22:39:40.249171 [info ]: Loading profiles.yml
22:39:48.545834 [info ]: Loading profiles.yml
22:41:55.204808 [info ]: Loading profiles.yml
==================== 2026-01-18T20:08:03.095697Z | e9c4779d-57be-4ab2-90d1-18ec589f276d ====================
20:08:03.095742 [info ]: Starting dbt LSP server
20:08:03.095754 [info ]: Connecting to LSP client on port 8000
20:08:03.095913 [info ]: Successfully connected to LSP client
20:08:03.095922 [info ]: Creating LSP service...
20:08:03.138290 [info ]: Creating LSP server...
20:08:03.138327 [info ]: Starting LSP server...
20:08:03.305776 [info ]: Started loading project
20:08:03.307514 [info ]: Loading profiles.yml
20:08:03.307768 [error]: dbt1059: Duplicate key `type`. This key overwrites a previous definition of the same key at line 4 column 7. YAML path: `dt_eng_proj.outputs.dev.type`.
  --> profiles.yml:8:7
20:08:03.308305 [info ]: Finished loading project [  0.00s]
==================== 2026-01-24T13:54:45.601382Z | e50253a6-b465-4a27-810b-13a71a528157 ====================
13:54:45.603028 [info ]: Starting dbt LSP server
13:54:45.603463 [info ]: Connecting to LSP client on port 8000
13:54:45.604280 [info ]: Successfully connected to LSP client
13:54:45.604304 [info ]: Creating LSP service...
13:54:45.666406 [info ]: Creating LSP server...
13:54:45.666439 [info ]: Starting LSP server...
13:54:45.765120 [info ]: Started loading project
13:54:45.785044 [info ]: Loading profiles.yml
13:54:45.788671 [error]: dbt1059: Duplicate key `type`. This key overwrites a previous definition of the same key at line 4 column 7. YAML path: `dt_eng_proj.outputs.dev.type`.
  --> profiles.yml:8:7
13:54:45.797166 [info ]: Finished loading project [  0.03s]
13:54:47.183535 [info ]: Loading profiles.yml
13:54:47.183662 [error]: dbt1059: Duplicate key `type`. This key overwrites a previous definition of the same key at line 4 column 7. YAML path: `dt_eng_proj.outputs.dev.type`.
  --> profiles.yml:8:7
==================== 2026-02-16T16:04:28.629636Z | 0e01ccb1-3925-4cca-bbe3-9f205a10514f ====================
16:04:28.631019 [info ]: Starting dbt LSP server
16:04:28.631050 [info ]: Connecting to LSP client on port 8000
16:04:28.631814 [info ]: Successfully connected to LSP client
16:04:28.631831 [info ]: Creating LSP service...
16:04:28.690122 [info ]: Creating LSP server...
16:04:28.690159 [info ]: Starting LSP server...
16:04:28.791483 [info ]: Started loading project
16:04:28.807734 [info ]: Loading profiles.yml
16:04:28.818186 [info ]: Finished loading project [  0.03s]
16:30:29.678170 [info ]: Loading profiles.yml
16:30:30.108470 [info ]: Loading profiles.yml
16:31:23.916703 [info ]: Loading profiles.yml
16:31:50.991565 [info ]: Loading profiles.yml
16:31:54.901449 [info ]: Loading profiles.yml
16:33:27.933583 [info ]: Loading profiles.yml
16:33:30.874986 [info ]: Loading profiles.yml
16:43:55.538652 [info ]: Loading profiles.yml
16:43:55.967925 [info ]: Loading profiles.yml
16:44:04.437776 [info ]: Loading profiles.yml
16:44:15.438044 [info ]: Loading profiles.yml
16:44:17.093552 [info ]: Loading profiles.yml
16:44:21.238383 [info ]: Loading profiles.yml
16:46:44.241236 [info ]: Loading profiles.yml
16:47:39.314088 [info ]: Loading profiles.yml
16:47:40.770010 [info ]: Loading profiles.yml
16:47:45.249014 [info ]: Loading profiles.yml
16:50:09.584527 [info ]: Loading profiles.yml
16:50:26.491597 [info ]: Loading profiles.yml
16:50:27.918921 [info ]: Loading profiles.yml
16:50:31.606993 [info ]: Loading profiles.yml
16:54:21.666358 [info ]: Loading profiles.yml
16:54:31.904197 [info ]: Loading profiles.yml
16:54:33.640500 [info ]: Loading profiles.yml
16:54:37.502630 [info ]: Loading profiles.yml
16:58:00.173535 [info ]: Loading profiles.yml
16:58:10.456670 [info ]: Loading profiles.yml
16:58:11.834070 [info ]: Loading profiles.yml
16:58:15.654411 [info ]: Loading profiles.yml
16:59:23.380441 [info ]: Loading profiles.yml
16:59:24.675713 [info ]: Loading profiles.yml
16:59:28.395605 [info ]: Loading profiles.yml
17:05:07.710659 [info ]: Loading profiles.yml
17:06:14.816505 [info ]: Loading profiles.yml
17:07:22.186582 [info ]: Loading profiles.yml
17:09:33.262811 [info ]: Loading profiles.yml
17:30:58.519394 [info ]: Loading profiles.yml
17:33:10.562826 [info ]: Loading profiles.yml
17:37:16.209424 [info ]: Loading profiles.yml
17:38:23.948820 [info ]: Loading profiles.yml
17:40:33.930707 [info ]: Loading profiles.yml
17:42:45.686600 [info ]: Loading profiles.yml
18:10:53.490454 [info ]: Loading profiles.yml
18:20:27.027040 [info ]: Loading profiles.yml
18:22:38.434285 [info ]: Loading profiles.yml
18:24:50.599717 [info ]: Loading profiles.yml
18:28:49.486787 [info ]: Loading profiles.yml
18:28:52.362052 [info ]: Loading profiles.yml
18:29:04.471249 [info ]: Loading profiles.yml
18:36:13.845661 [info ]: Loading profiles.yml
18:37:53.987647 [info ]: Loading profiles.yml
18:39:01.973135 [info ]: Loading profiles.yml
18:40:10.075611 [info ]: Loading profiles.yml
18:40:17.420694 [info ]: Loading profiles.yml
18:40:18.806366 [info ]: Loading profiles.yml
18:40:25.356325 [info ]: Loading profiles.yml
18:51:58.676918 [info ]: Loading profiles.yml
18:52:25.308714 [info ]: Loading profiles.yml
18:52:30.247705 [info ]: Loading profiles.yml
18:52:44.576924 [info ]: Loading profiles.yml
